#
# There is insufficient memory for the Java Runtime Environment to continue.
# Native memory allocation (mmap) failed to map 262144000 bytes. Error detail: G1 virtual space
# Possible reasons:
#   The system is out of physical RAM or swap space
#   This process is running with CompressedOops enabled, and the Java Heap may be blocking the growth of the native heap
# Possible solutions:
#   Reduce memory load on the system
#   Increase physical memory or swap space
#   Check if swap backing store is full
#   Decrease Java heap size (-Xmx/-Xms)
#   Decrease number of Java threads
#   Decrease Java thread stack sizes (-Xss)
#   Set larger code cache with -XX:ReservedCodeCacheSize=
#   JVM is running with Zero Based Compressed Oops mode in which the Java heap is
#     placed in the first 32GB address space. The Java Heap base address is the
#     maximum limit for the native heap growth. Please use -XX:HeapBaseMinAddress
#     to set the Java Heap base and to place the Java Heap above 32GB virtual address.
# This output file may be truncated or incomplete.
#
#  Out of Memory Error (os_windows.cpp:3686), pid=20508, tid=23752
#
# JRE version:  (21.0.6+7) (build )
# Java VM: OpenJDK 64-Bit Server VM (21.0.6+7-LTS, mixed mode, sharing, tiered, compressed oops, compressed class ptrs, g1 gc, windows-amd64)
# No core dump will be written. Minidumps are not enabled by default on client versions of Windows
#

---------------  S U M M A R Y ------------

Command Line: -Dfile.encoding=UTF-8 -Dstdout.encoding=UTF-8 -Dstderr.encoding=UTF-8 --module-path=C:\Simran-Stuff\JAVA-LEARNING\DP\DP\bin -XX:+ShowCodeDetailsInExceptionMessages -Djdk.module.main=DP DP/main.MainClass

Host: 12th Gen Intel(R) Core(TM) i5-1235U, 12 cores, 15G,  Windows 11 , 64 bit Build 26100 (10.0.26100.4484)
Time: Thu Aug 21 00:33:43 2025 India Standard Time elapsed time: 2.064674 seconds (0d 0h 0m 2s)

---------------  T H R E A D  ---------------

Current thread (0x0000022193959800):  JavaThread "Unknown thread" [_thread_in_vm, id=23752, stack(0x000000d5e3b00000,0x000000d5e3c00000) (1024K)]

Stack: [0x000000d5e3b00000,0x000000d5e3c00000]
Native frames: (J=compiled Java code, j=interpreted, Vv=VM code, C=native code)
V  [jvm.dll+0x6cdee9]
V  [jvm.dll+0x8a83d1]
V  [jvm.dll+0x8aa8fe]
V  [jvm.dll+0x8aafe3]
V  [jvm.dll+0x27f706]
V  [jvm.dll+0x6ca755]
V  [jvm.dll+0x6bea3a]
V  [jvm.dll+0x355d6a]
V  [jvm.dll+0x35d936]
V  [jvm.dll+0x3af58e]
V  [jvm.dll+0x3af838]
V  [jvm.dll+0x329efc]
V  [jvm.dll+0x32aa5b]
V  [jvm.dll+0x871639]
V  [jvm.dll+0x3bc361]
V  [jvm.dll+0x85a763]
V  [jvm.dll+0x45066e]
V  [jvm.dll+0x4522b1]
C  [jli.dll+0x5278]
C  [ucrtbase.dll+0x37b0]
C  [KERNEL32.DLL+0x2e8d7]
C  [ntdll.dll+0x3c34c]


---------------  P R O C E S S  ---------------

Threads class SMR info:
_java_thread_list=0x00007ffa052fa0c8, length=0, elements={
}

Java Threads: ( => current thread )
Total: 0

Other Threads:
  0x00000221939bd040 WorkerThread "GC Thread#0"                     [id=26368, stack(0x000000d5e3c00000,0x000000d5e3d00000) (1024K)]
  0x00000221939ce140 ConcurrentGCThread "G1 Main Marker"            [id=29396, stack(0x000000d5e3d00000,0x000000d5e3e00000) (1024K)]
  0x00000221939cec40 WorkerThread "G1 Conc#0"                       [id=476, stack(0x000000d5e3e00000,0x000000d5e3f00000) (1024K)]

[error occurred during error reporting (printing all threads), id 0xc0000005, EXCEPTION_ACCESS_VIOLATION (0xc0000005) at pc=0x00007ffa049fc827]
VM state: not at safepoint (not fully initialized)

VM Mutex/Monitor currently owned by a thread:  ([mutex/lock_event])
[0x00007ffa0536e480] Heap_lock - owner thread: 0x0000022193959800

Heap address: 0x0000000706e00000, size: 3986 MB, Compressed Oops mode: Zero based, Oop shift amount: 3

CDS archive(s) mapped at: [0x0000000000000000-0x0000000000000000-0x0000000000000000), size 0, SharedBaseAddress: 0x0000000800000000, ArchiveRelocationMode: 1.
Narrow klass base: 0x0000000000000000, Narrow klass shift: 0, Narrow klass range: 0x0

GC Precious Log:
 CardTable entry size: 512
 Card Set container configuration: InlinePtr #cards 4 size 8 Array Of Cards #cards 16 size 48 Howl #buckets 8 coarsen threshold 3686 Howl Bitmap #cards 512 size 80 coarsen threshold 460 Card regions per heap region 1 cards per card region 4096

Heap:
 garbage-first heap   total 0K, used 0K [0x0000000706e00000, 0x0000000800000000)
  region size 2048K, 0 young (0K), 0 survivors (0K)

[error occurred during error reporting (printing heap information), id 0xc0000005, EXCEPTION_ACCESS_VIOLATION (0xc0000005) at pc=0x00007ffa04de79b9]
GC Heap History (0 events):
No events

Dll operation events (1 events):
Event: 0.016 Loaded shared library C:\Users\simra\.p2\pool\plugins\org.eclipse.justj.openjdk.hotspot.jre.full.win32.x86_64_21.0.6.v20250130-0529\jre\bin\java.dll

Deoptimization events (0 events):
No events

Classes loaded (0 events):
No events

Classes unloaded (0 events):
No events

Classes redefined (0 events):
No events

Internal exceptions (0 events):
No events

ZGC Phase Switch (0 events):
No events

VM Operations (0 events):
No events

Memory protections (0 events):
No events

Nmethod flushes (0 events):
No events

Events (0 events):
No events


Dynamic libraries:
0x00007ff7b6cb0000 - 0x00007ff7b6cbe000 	C:\Users\simra\.p2\pool\plugins\org.eclipse.justj.openjdk.hotspot.jre.full.win32.x86_64_21.0.6.v20250130-0529\jre\bin\javaw.exe
0x00007ffa9d340000 - 0x00007ffa9d5a8000 	C:\WINDOWS\SYSTEM32\ntdll.dll
0x00007ffa9be90000 - 0x00007ffa9bf59000 	C:\WINDOWS\System32\KERNEL32.DLL
0x00007ffa9a780000 - 0x00007ffa9ab6d000 	C:\WINDOWS\System32\KERNELBASE.dll
0x00007ffa9ac10000 - 0x00007ffa9ad5b000 	C:\WINDOWS\System32\ucrtbase.dll
0x00007ffa811c0000 - 0x00007ffa811d8000 	C:\Users\simra\.p2\pool\plugins\org.eclipse.justj.openjdk.hotspot.jre.full.win32.x86_64_21.0.6.v20250130-0529\jre\bin\jli.dll
0x00007ffa9c070000 - 0x00007ffa9c23c000 	C:\WINDOWS\System32\USER32.dll
0x00007ffa80ae0000 - 0x00007ffa80afe000 	C:\Users\simra\.p2\pool\plugins\org.eclipse.justj.openjdk.hotspot.jre.full.win32.x86_64_21.0.6.v20250130-0529\jre\bin\VCRUNTIME140.dll
0x00007ffa9a610000 - 0x00007ffa9a637000 	C:\WINDOWS\System32\win32u.dll
0x00007ffa9b280000 - 0x00007ffa9b2ab000 	C:\WINDOWS\System32\GDI32.dll
0x00007ffa82fb0000 - 0x00007ffa8324a000 	C:\WINDOWS\WinSxS\amd64_microsoft.windows.common-controls_6595b64144ccf1df_6.0.26100.4484_none_3e0e6d4ce32ef3b3\COMCTL32.dll
0x00007ffa9a640000 - 0x00007ffa9a777000 	C:\WINDOWS\System32\gdi32full.dll
0x00007ffa9b030000 - 0x00007ffa9b0d3000 	C:\WINDOWS\System32\msvcp_win.dll
0x00007ffa9bfb0000 - 0x00007ffa9c059000 	C:\WINDOWS\System32\msvcrt.dll
0x00007ffa9bba0000 - 0x00007ffa9bbcf000 	C:\WINDOWS\System32\IMM32.DLL
0x00007ffa80ad0000 - 0x00007ffa80adc000 	C:\Users\simra\.p2\pool\plugins\org.eclipse.justj.openjdk.hotspot.jre.full.win32.x86_64_21.0.6.v20250130-0529\jre\bin\vcruntime140_1.dll
0x00007ffa62840000 - 0x00007ffa628cd000 	C:\Users\simra\.p2\pool\plugins\org.eclipse.justj.openjdk.hotspot.jre.full.win32.x86_64_21.0.6.v20250130-0529\jre\bin\msvcp140.dll
0x00007ffa046c0000 - 0x00007ffa05450000 	C:\Users\simra\.p2\pool\plugins\org.eclipse.justj.openjdk.hotspot.jre.full.win32.x86_64_21.0.6.v20250130-0529\jre\bin\server\jvm.dll
0x00007ffa9b6e0000 - 0x00007ffa9b794000 	C:\WINDOWS\System32\ADVAPI32.dll
0x00007ffa9c240000 - 0x00007ffa9c2e6000 	C:\WINDOWS\System32\sechost.dll
0x00007ffa9c3f0000 - 0x00007ffa9c508000 	C:\WINDOWS\System32\RPCRT4.dll
0x00007ffa9b2b0000 - 0x00007ffa9b324000 	C:\WINDOWS\System32\WS2_32.dll
0x00007ffa99070000 - 0x00007ffa990ce000 	C:\WINDOWS\SYSTEM32\POWRPROF.dll
0x00007ffa94a70000 - 0x00007ffa94aa5000 	C:\WINDOWS\SYSTEM32\WINMM.dll
0x00007ffa88a10000 - 0x00007ffa88a1b000 	C:\WINDOWS\SYSTEM32\VERSION.dll
0x00007ffa99050000 - 0x00007ffa99064000 	C:\WINDOWS\SYSTEM32\UMPDC.dll
0x00007ffa992f0000 - 0x00007ffa9930b000 	C:\WINDOWS\SYSTEM32\kernel.appcore.dll
0x00007ffa92140000 - 0x00007ffa9214a000 	C:\Users\simra\.p2\pool\plugins\org.eclipse.justj.openjdk.hotspot.jre.full.win32.x86_64_21.0.6.v20250130-0529\jre\bin\jimage.dll
0x00007ffa97910000 - 0x00007ffa97b51000 	C:\WINDOWS\SYSTEM32\DBGHELP.DLL
0x00007ffa9b330000 - 0x00007ffa9b6b6000 	C:\WINDOWS\System32\combase.dll
0x00007ffa9b190000 - 0x00007ffa9b270000 	C:\WINDOWS\System32\OLEAUT32.dll
0x00007ffa94a20000 - 0x00007ffa94a63000 	C:\WINDOWS\SYSTEM32\dbgcore.DLL
0x00007ffa9ab70000 - 0x00007ffa9ac09000 	C:\WINDOWS\System32\bcryptPrimitives.dll
0x00007ffa82700000 - 0x00007ffa8271f000 	C:\Users\simra\.p2\pool\plugins\org.eclipse.justj.openjdk.hotspot.jre.full.win32.x86_64_21.0.6.v20250130-0529\jre\bin\java.dll

dbghelp: loaded successfully - version: 4.0.5 - missing functions: none
symbol engine: initialized successfully - sym options: 0x614 - pdb path: .;C:\Users\simra\.p2\pool\plugins\org.eclipse.justj.openjdk.hotspot.jre.full.win32.x86_64_21.0.6.v20250130-0529\jre\bin;C:\WINDOWS\SYSTEM32;C:\WINDOWS\WinSxS\amd64_microsoft.windows.common-controls_6595b64144ccf1df_6.0.26100.4484_none_3e0e6d4ce32ef3b3;C:\Users\simra\.p2\pool\plugins\org.eclipse.justj.openjdk.hotspot.jre.full.win32.x86_64_21.0.6.v20250130-0529\jre\bin\server

VM Arguments:
jvm_args: -Dfile.encoding=UTF-8 -Dstdout.encoding=UTF-8 -Dstderr.encoding=UTF-8 --module-path=C:\Simran-Stuff\JAVA-LEARNING\DP\DP\bin -XX:+ShowCodeDetailsInExceptionMessages -Djdk.module.main=DP 
java_command: DP/main.MainClass
java_class_path (initial): <not set>
Launcher Type: SUN_STANDARD

[Global flags]
     intx CICompilerCount                          = 4                                         {product} {ergonomic}
     uint ConcGCThreads                            = 3                                         {product} {ergonomic}
     uint G1ConcRefinementThreads                  = 10                                        {product} {ergonomic}
   size_t G1HeapRegionSize                         = 2097152                                   {product} {ergonomic}
    uintx GCDrainStackTargetSize                   = 64                                        {product} {ergonomic}
   size_t InitialHeapSize                          = 262144000                                 {product} {ergonomic}
   size_t MarkStackSize                            = 4194304                                   {product} {ergonomic}
   size_t MaxHeapSize                              = 4179623936                                {product} {ergonomic}
   size_t MinHeapDeltaBytes                        = 2097152                                   {product} {ergonomic}
   size_t MinHeapSize                              = 8388608                                   {product} {ergonomic}
    uintx NonNMethodCodeHeapSize                   = 5839372                                {pd product} {ergonomic}
    uintx NonProfiledCodeHeapSize                  = 122909434                              {pd product} {ergonomic}
    uintx ProfiledCodeHeapSize                     = 122909434                              {pd product} {ergonomic}
    uintx ReservedCodeCacheSize                    = 251658240                              {pd product} {ergonomic}
     bool SegmentedCodeCache                       = true                                      {product} {ergonomic}
     bool ShowCodeDetailsInExceptionMessages       = true                                   {manageable} {command line}
   size_t SoftMaxHeapSize                          = 4179623936                             {manageable} {ergonomic}
     bool UseCompressedOops                        = true                           {product lp64_product} {ergonomic}
     bool UseG1GC                                  = true                                      {product} {ergonomic}
     bool UseLargePagesIndividualAllocation        = false                                  {pd product} {ergonomic}

Logging:
Log output configuration:
 #0: stdout all=warning uptime,level,tags foldmultilines=false
 #1: stderr all=off uptime,level,tags foldmultilines=false

Environment Variables:
PATH=C:/Users/simra/.p2/pool/plugins/org.eclipse.justj.openjdk.hotspot.jre.full.win32.x86_64_21.0.6.v20250130-0529/jre/bin/server;C:/Users/simra/.p2/pool/plugins/org.eclipse.justj.openjdk.hotspot.jre.full.win32.x86_64_21.0.6.v20250130-0529/jre/bin;C:\Program Files\Common Files\Oracle\Java\javapath;C:\WINDOWS\system32;C:\WINDOWS;C:\WINDOWS\System32\Wbem;C:\WINDOWS\System32\WindowsPowerShell\v1.0\;C:\WINDOWS\System32\OpenSSH\;C:\Program Files\Git\cmd;C:\Program Files\Java\jdk-24\bin;C:\Users\simra\AppData\Local\Programs\Python\Python312\Scripts\;C:\Users\simra\AppData\Local\Programs\Python\Python312\;C:\Users\simra\AppData\Local\Microsoft\WindowsApps;C:\Users\simra\AppData\Local\Programs\Microsoft VS Code\bin;C:\Program Files\Git\bin;;C:\Windows;
USERNAME=simra
OS=Windows_NT
PROCESSOR_IDENTIFIER=Intel64 Family 6 Model 154 Stepping 4, GenuineIntel
TMP=C:\Users\simra\AppData\Local\Temp
TEMP=C:\Users\simra\AppData\Local\Temp




Periodic native trim disabled

---------------  S Y S T E M  ---------------

OS:
 Windows 11 , 64 bit Build 26100 (10.0.26100.4484)
OS uptime: 4 days 6:58 hours
Hyper-V role detected

CPU: total 12 (initial active 12) (6 cores per cpu, 2 threads per core) family 6 model 154 stepping 4 microcode 0x437, cx8, cmov, fxsr, ht, mmx, 3dnowpref, sse, sse2, sse3, ssse3, sse4.1, sse4.2, popcnt, lzcnt, tsc, tscinvbit, avx, avx2, aes, erms, clmul, bmi1, bmi2, adx, sha, fma, vzeroupper, clflush, clflushopt, clwb, hv, serialize, rdtscp, rdpid, fsrm, f16c, cet_ibt, cet_ss
Processor Information for the first 12 processors :
  Max Mhz: 1300, Current Mhz: 1300, Mhz Limit: 1300

Memory: 4k page, system-wide physical 15942M (5731M free)
TotalPageFile size 15942M (AvailPageFile size 41M)
current process WorkingSet (physical memory assigned to process): 12M, peak: 12M
current process commit charge ("private bytes"): 64M, peak: 314M

vm_info: OpenJDK 64-Bit Server VM (21.0.6+7-LTS) for windows-amd64 JRE (21.0.6+7-LTS), built on 2025-01-21T00:00:00Z by "admin" with MS VC++ 17.7 (VS2022)

END.
